<html>
<head>
<title>TestNG:  Surefire test</title>
<link href="../testng.css" rel="stylesheet" type="text/css" />
<link href="../my-testng.css" rel="stylesheet" type="text/css" />

<style type="text/css">
.log { display: none;} 
.stack-trace { display: none;} 
</style>
<script type="text/javascript">
<!--
function flip(e) {
  current = e.style.display;
  if (current == 'block') {
    e.style.display = 'none';
    return 0;
  }
  else {
    e.style.display = 'block';
    return 1;
  }
}

function toggleBox(szDivId, elem, msg1, msg2)
{
  var res = -1;  if (document.getElementById) {
    res = flip(document.getElementById(szDivId));
  }
  else if (document.all) {
    // this is the way old msie versions work
    res = flip(document.all[szDivId]);
  }
  if(elem) {
    if(res == 0) elem.innerHTML = msg1; else elem.innerHTML = msg2;
  }

}

function toggleAllBoxes() {
  if (document.getElementsByTagName) {
    d = document.getElementsByTagName('div');
    for (i = 0; i < d.length; i++) {
      if (d[i].className == 'log') {
        flip(d[i]);
      }
    }
  }
}

// -->
</script>

</head>
<body>
<h2 align='center'>Surefire test</h2><table border='1' align="center">
<tr>
<td>Tests passed/Failed/Skipped:</td><td>4/2/0</td>
</tr><tr>
<td>Started on:</td><td>Sun Jul 28 10:56:41 EDT 2024</td>
</tr>
<tr><td>Total time:</td><td>115 seconds (115183 ms)</td>
</tr><tr>
<td>Included groups:</td><td></td>
</tr><tr>
<td>Excluded groups:</td><td></td>
</tr>
</table><p/>
<small><i>(Hover the method name to see the test class name)</i></small><p/>
<table width='100%' border='1' class='invocation-failed'>
<tr><td colspan='4' align='center'><b>FAILED TESTS</b></td></tr>
<tr><td><b>Test method</b></td>
<td width="30%"><b>Exception</b></td>
<td width="10%"><b>Time (seconds)</b></td>
<td><b>Instance</b></td>
</tr>
<tr>
<td title='rbc.cucumber.TestRunner.TestNGTestRunner.runScenario()'><b>runScenario</b><br>Test class: rbc.cucumber.TestRunner.TestNGTestRunner<br>Test method: Runs Cucumber Scenarios<br>Parameters: "Checking Simple Mortgage Payment Calculator", "Checking Mortgage Payment Calculator"</td>
<td><div><pre>org.openqa.selenium.ElementClickInterceptedException: element click intercepted: Element &lt;button type=&quot;submit&quot; class=&quot;btn primary w-mob-100&quot; ng-click=&quot;calculate(&apos;basic&apos;)&quot; ng-enter=&quot;&quot;&gt;...&lt;/button&gt; is not clickable at point (491, 623). Other element would receive the click: &lt;div class=&quot;ot-sdk-row&quot;&gt;...&lt;/div&gt;
  (Session info: chrome=126.0.6478.182)
Build info: version: &apos;4.11.0&apos;, revision: &apos;040bc5406b&apos;
System info: os.name: &apos;Windows 11&apos;, os.arch: &apos;amd64&apos;, os.version: &apos;10.0&apos;, java.version: &apos;17.0.4&apos;
Driver info: org.openqa.selenium.chrome.ChromeDriver
Command: [bbadf7a186ff41f4bd40ce7b00c08e70, clickElement {id=f.AFA4C72ACB3BCB41EE09BBBDEF4728C6.d.EC0E3966EC57FB0AF8BE5CA48D843B34.e.48}]
Capabilities {acceptInsecureCerts: false, browserName: chrome, browserVersion: 126.0.6478.182, chrome: {chromedriverVersion: 125.0.6422.60 (3ac3319bff9f..., userDataDir: C:\Users\aarav\AppData\Loca...}, fedcm:accounts: true, goog:chromeOptions: {debuggerAddress: localhost:51580}, networkConnectionEnabled: false, pageLoadStrategy: normal, platformName: windows, proxy: Proxy(), se:cdp: ws://localhost:51580/devtoo..., se:cdpVersion: 126.0.6478.182, setWindowRect: true, strictFileInteractability: false, timeouts: {implicit: 0, pageLoad: 300000, script: 30000}, unhandledPromptBehavior: dismiss and notify, webauthn:extension:credBlob: true, webauthn:extension:largeBlob: true, webauthn:extension:minPinLength: true, webauthn:extension:prf: true, webauthn:virtualAuthenticators: true}
Element: [[ChromeDriver: chrome on windows (bbadf7a186ff41f4bd40ce7b00c08e70)] -&gt; xpath: //form[@name=&apos;CalculateBasic&apos;]//button]
Session ID: bbadf7a186ff41f4bd40ce7b00c08e70
	at org.openqa.selenium.remote.codec.w3c.W3CHttpResponseCodec.createException(W3CHttpResponseCodec.java:200)
	at org.openqa.selenium.remote.codec.w3c.W3CHttpResponseCodec.decode(W3CHttpResponseCodec.java:133)
	at org.openqa.selenium.remote.codec.w3c.W3CHttpResponseCodec.decode(W3CHttpResponseCodec.java:52)
	at org.openqa.selenium.remote.HttpCommandExecutor.execute(HttpCommandExecutor.java:191)
	at org.openqa.selenium.remote.service.DriverCommandExecutor.invokeExecute(DriverCommandExecutor.java:196)
	at org.openqa.selenium.remote.service.DriverCommandExecutor.execute(DriverCommandExecutor.java:171)
	at org.openqa.selenium.remote.RemoteWebDriver.execute(RemoteWebDriver.java:518)
	at org.openqa.selenium.remote.RemoteWebElement.execute(RemoteWebElement.java:224)
	at org.openqa.selenium.remote.RemoteWebElement.click(RemoteWebElement.java:77)
	at org.openqa.selenium.support.pagefactory.internal.LocatingElementHandler.invoke(LocatingElementHandler.java:51)
	at jdk.proxy2/jdk.proxy2.$Proxy26.click(Unknown Source)
	at rbc.cucumber.PageObjects.MortgagePaymentCalculatorPage.clickBtn(MortgagePaymentCalculatorPage.java:75)
	at rbc.cucumber.StepDefinitions.MortgagePaymentCalcPageSteps.click_the_calculate_button(MortgagePaymentCalcPageSteps.java:39)
	at ?.Click the calculate button(file:///C:/Users/aarav/Downloads/RBCCucumberBDD/RBCCucumberBDD/src/test/java/rbc/cucumber/Features/MortgagePaymentCalculator.feature:9)
... Removed 9 stack frames</pre></div><a href='#' onClick='toggleBox("stack-trace766089249", this, "Click to show all stack frames", "Click to hide stack frames")'>Click to show all stack frames</a>
<div class='stack-trace' id='stack-trace766089249'><pre>org.openqa.selenium.ElementClickInterceptedException: element click intercepted: Element &lt;button type=&quot;submit&quot; class=&quot;btn primary w-mob-100&quot; ng-click=&quot;calculate(&apos;basic&apos;)&quot; ng-enter=&quot;&quot;&gt;...&lt;/button&gt; is not clickable at point (491, 623). Other element would receive the click: &lt;div class=&quot;ot-sdk-row&quot;&gt;...&lt;/div&gt;
  (Session info: chrome=126.0.6478.182)
Build info: version: &apos;4.11.0&apos;, revision: &apos;040bc5406b&apos;
System info: os.name: &apos;Windows 11&apos;, os.arch: &apos;amd64&apos;, os.version: &apos;10.0&apos;, java.version: &apos;17.0.4&apos;
Driver info: org.openqa.selenium.chrome.ChromeDriver
Command: [bbadf7a186ff41f4bd40ce7b00c08e70, clickElement {id=f.AFA4C72ACB3BCB41EE09BBBDEF4728C6.d.EC0E3966EC57FB0AF8BE5CA48D843B34.e.48}]
Capabilities {acceptInsecureCerts: false, browserName: chrome, browserVersion: 126.0.6478.182, chrome: {chromedriverVersion: 125.0.6422.60 (3ac3319bff9f..., userDataDir: C:\Users\aarav\AppData\Loca...}, fedcm:accounts: true, goog:chromeOptions: {debuggerAddress: localhost:51580}, networkConnectionEnabled: false, pageLoadStrategy: normal, platformName: windows, proxy: Proxy(), se:cdp: ws://localhost:51580/devtoo..., se:cdpVersion: 126.0.6478.182, setWindowRect: true, strictFileInteractability: false, timeouts: {implicit: 0, pageLoad: 300000, script: 30000}, unhandledPromptBehavior: dismiss and notify, webauthn:extension:credBlob: true, webauthn:extension:largeBlob: true, webauthn:extension:minPinLength: true, webauthn:extension:prf: true, webauthn:virtualAuthenticators: true}
Element: [[ChromeDriver: chrome on windows (bbadf7a186ff41f4bd40ce7b00c08e70)] -&gt; xpath: //form[@name=&apos;CalculateBasic&apos;]//button]
Session ID: bbadf7a186ff41f4bd40ce7b00c08e70
	at java.base/jdk.internal.reflect.NativeConstructorAccessorImpl.newInstance0(Native Method)
	at java.base/jdk.internal.reflect.NativeConstructorAccessorImpl.newInstance(NativeConstructorAccessorImpl.java:77)
	at java.base/jdk.internal.reflect.DelegatingConstructorAccessorImpl.newInstance(DelegatingConstructorAccessorImpl.java:45)
	at java.base/java.lang.reflect.Constructor.newInstanceWithCaller(Constructor.java:499)
	at java.base/java.lang.reflect.Constructor.newInstance(Constructor.java:480)
	at org.openqa.selenium.remote.codec.w3c.W3CHttpResponseCodec.createException(W3CHttpResponseCodec.java:200)
	at org.openqa.selenium.remote.codec.w3c.W3CHttpResponseCodec.decode(W3CHttpResponseCodec.java:133)
	at org.openqa.selenium.remote.codec.w3c.W3CHttpResponseCodec.decode(W3CHttpResponseCodec.java:52)
	at org.openqa.selenium.remote.HttpCommandExecutor.execute(HttpCommandExecutor.java:191)
	at org.openqa.selenium.remote.service.DriverCommandExecutor.invokeExecute(DriverCommandExecutor.java:196)
	at org.openqa.selenium.remote.service.DriverCommandExecutor.execute(DriverCommandExecutor.java:171)
	at org.openqa.selenium.remote.RemoteWebDriver.execute(RemoteWebDriver.java:518)
	at org.openqa.selenium.remote.RemoteWebElement.execute(RemoteWebElement.java:224)
	at org.openqa.selenium.remote.RemoteWebElement.click(RemoteWebElement.java:77)
	at java.base/jdk.internal.reflect.NativeMethodAccessorImpl.invoke0(Native Method)
	at java.base/jdk.internal.reflect.NativeMethodAccessorImpl.invoke(NativeMethodAccessorImpl.java:77)
	at java.base/jdk.internal.reflect.DelegatingMethodAccessorImpl.invoke(DelegatingMethodAccessorImpl.java:43)
	at java.base/java.lang.reflect.Method.invoke(Method.java:568)
	at org.openqa.selenium.support.pagefactory.internal.LocatingElementHandler.invoke(LocatingElementHandler.java:51)
	at jdk.proxy2/jdk.proxy2.$Proxy26.click(Unknown Source)
	at rbc.cucumber.PageObjects.MortgagePaymentCalculatorPage.clickBtn(MortgagePaymentCalculatorPage.java:75)
	at rbc.cucumber.StepDefinitions.MortgagePaymentCalcPageSteps.click_the_calculate_button(MortgagePaymentCalcPageSteps.java:39)
	at ?.Click the calculate button(file:///C:/Users/aarav/Downloads/RBCCucumberBDD/RBCCucumberBDD/src/test/java/rbc/cucumber/Features/MortgagePaymentCalculator.feature:9)
</pre></div></td>
<td>15</td>
<td>rbc.cucumber.TestRunner.TestNGTestRunner@3c3d9b6b</td></tr>
<tr>
<td title='rbc.cucumber.TestRunner.TestNGTestRunner.runScenario()'><b>runScenario</b><br>Test class: rbc.cucumber.TestRunner.TestNGTestRunner<br>Test method: Runs Cucumber Scenarios<br>Parameters: "Checking Simple Mortgage Payment Calculator", "Checking Mortgage Payment Calculator"</td>
<td><div><pre>org.openqa.selenium.ElementClickInterceptedException: element click intercepted: Element &lt;button type=&quot;submit&quot; class=&quot;btn primary w-mob-100&quot; ng-click=&quot;calculate(&apos;basic&apos;)&quot; ng-enter=&quot;&quot;&gt;...&lt;/button&gt; is not clickable at point (491, 623). Other element would receive the click: &lt;div class=&quot;ot-sdk-row&quot;&gt;...&lt;/div&gt;
  (Session info: chrome=126.0.6478.182)
Build info: version: &apos;4.11.0&apos;, revision: &apos;040bc5406b&apos;
System info: os.name: &apos;Windows 11&apos;, os.arch: &apos;amd64&apos;, os.version: &apos;10.0&apos;, java.version: &apos;17.0.4&apos;
Driver info: org.openqa.selenium.chrome.ChromeDriver
Command: [6b5aff4e30449af1e2fdf24e31ece140, clickElement {id=f.74DC1F3087672EF560567C083E7A3743.d.C86D9C23F6D9D82076D86B8853754119.e.55}]
Capabilities {acceptInsecureCerts: false, browserName: chrome, browserVersion: 126.0.6478.182, chrome: {chromedriverVersion: 125.0.6422.60 (3ac3319bff9f..., userDataDir: C:\Users\aarav\AppData\Loca...}, fedcm:accounts: true, goog:chromeOptions: {debuggerAddress: localhost:51662}, networkConnectionEnabled: false, pageLoadStrategy: normal, platformName: windows, proxy: Proxy(), se:cdp: ws://localhost:51662/devtoo..., se:cdpVersion: 126.0.6478.182, setWindowRect: true, strictFileInteractability: false, timeouts: {implicit: 0, pageLoad: 300000, script: 30000}, unhandledPromptBehavior: dismiss and notify, webauthn:extension:credBlob: true, webauthn:extension:largeBlob: true, webauthn:extension:minPinLength: true, webauthn:extension:prf: true, webauthn:virtualAuthenticators: true}
Element: [[ChromeDriver: chrome on windows (6b5aff4e30449af1e2fdf24e31ece140)] -&gt; xpath: //form[@name=&apos;CalculateBasic&apos;]//button]
Session ID: 6b5aff4e30449af1e2fdf24e31ece140
	at org.openqa.selenium.remote.codec.w3c.W3CHttpResponseCodec.createException(W3CHttpResponseCodec.java:200)
	at org.openqa.selenium.remote.codec.w3c.W3CHttpResponseCodec.decode(W3CHttpResponseCodec.java:133)
	at org.openqa.selenium.remote.codec.w3c.W3CHttpResponseCodec.decode(W3CHttpResponseCodec.java:52)
	at org.openqa.selenium.remote.HttpCommandExecutor.execute(HttpCommandExecutor.java:191)
	at org.openqa.selenium.remote.service.DriverCommandExecutor.invokeExecute(DriverCommandExecutor.java:196)
	at org.openqa.selenium.remote.service.DriverCommandExecutor.execute(DriverCommandExecutor.java:171)
	at org.openqa.selenium.remote.RemoteWebDriver.execute(RemoteWebDriver.java:518)
	at org.openqa.selenium.remote.RemoteWebElement.execute(RemoteWebElement.java:224)
	at org.openqa.selenium.remote.RemoteWebElement.click(RemoteWebElement.java:77)
	at org.openqa.selenium.support.pagefactory.internal.LocatingElementHandler.invoke(LocatingElementHandler.java:51)
	at jdk.proxy2/jdk.proxy2.$Proxy26.click(Unknown Source)
	at rbc.cucumber.PageObjects.MortgagePaymentCalculatorPage.clickBtn(MortgagePaymentCalculatorPage.java:75)
	at rbc.cucumber.StepDefinitions.MortgagePaymentCalcPageSteps.click_the_calculate_button(MortgagePaymentCalcPageSteps.java:39)
	at ?.Click the calculate button(file:///C:/Users/aarav/Downloads/RBCCucumberBDD/RBCCucumberBDD/src/test/java/rbc/cucumber/Features/MortgagePaymentCalculator.feature:9)
... Removed 9 stack frames</pre></div><a href='#' onClick='toggleBox("stack-trace8633103", this, "Click to show all stack frames", "Click to hide stack frames")'>Click to show all stack frames</a>
<div class='stack-trace' id='stack-trace8633103'><pre>org.openqa.selenium.ElementClickInterceptedException: element click intercepted: Element &lt;button type=&quot;submit&quot; class=&quot;btn primary w-mob-100&quot; ng-click=&quot;calculate(&apos;basic&apos;)&quot; ng-enter=&quot;&quot;&gt;...&lt;/button&gt; is not clickable at point (491, 623). Other element would receive the click: &lt;div class=&quot;ot-sdk-row&quot;&gt;...&lt;/div&gt;
  (Session info: chrome=126.0.6478.182)
Build info: version: &apos;4.11.0&apos;, revision: &apos;040bc5406b&apos;
System info: os.name: &apos;Windows 11&apos;, os.arch: &apos;amd64&apos;, os.version: &apos;10.0&apos;, java.version: &apos;17.0.4&apos;
Driver info: org.openqa.selenium.chrome.ChromeDriver
Command: [6b5aff4e30449af1e2fdf24e31ece140, clickElement {id=f.74DC1F3087672EF560567C083E7A3743.d.C86D9C23F6D9D82076D86B8853754119.e.55}]
Capabilities {acceptInsecureCerts: false, browserName: chrome, browserVersion: 126.0.6478.182, chrome: {chromedriverVersion: 125.0.6422.60 (3ac3319bff9f..., userDataDir: C:\Users\aarav\AppData\Loca...}, fedcm:accounts: true, goog:chromeOptions: {debuggerAddress: localhost:51662}, networkConnectionEnabled: false, pageLoadStrategy: normal, platformName: windows, proxy: Proxy(), se:cdp: ws://localhost:51662/devtoo..., se:cdpVersion: 126.0.6478.182, setWindowRect: true, strictFileInteractability: false, timeouts: {implicit: 0, pageLoad: 300000, script: 30000}, unhandledPromptBehavior: dismiss and notify, webauthn:extension:credBlob: true, webauthn:extension:largeBlob: true, webauthn:extension:minPinLength: true, webauthn:extension:prf: true, webauthn:virtualAuthenticators: true}
Element: [[ChromeDriver: chrome on windows (6b5aff4e30449af1e2fdf24e31ece140)] -&gt; xpath: //form[@name=&apos;CalculateBasic&apos;]//button]
Session ID: 6b5aff4e30449af1e2fdf24e31ece140
	at java.base/jdk.internal.reflect.NativeConstructorAccessorImpl.newInstance0(Native Method)
	at java.base/jdk.internal.reflect.NativeConstructorAccessorImpl.newInstance(NativeConstructorAccessorImpl.java:77)
	at java.base/jdk.internal.reflect.DelegatingConstructorAccessorImpl.newInstance(DelegatingConstructorAccessorImpl.java:45)
	at java.base/java.lang.reflect.Constructor.newInstanceWithCaller(Constructor.java:499)
	at java.base/java.lang.reflect.Constructor.newInstance(Constructor.java:480)
	at org.openqa.selenium.remote.codec.w3c.W3CHttpResponseCodec.createException(W3CHttpResponseCodec.java:200)
	at org.openqa.selenium.remote.codec.w3c.W3CHttpResponseCodec.decode(W3CHttpResponseCodec.java:133)
	at org.openqa.selenium.remote.codec.w3c.W3CHttpResponseCodec.decode(W3CHttpResponseCodec.java:52)
	at org.openqa.selenium.remote.HttpCommandExecutor.execute(HttpCommandExecutor.java:191)
	at org.openqa.selenium.remote.service.DriverCommandExecutor.invokeExecute(DriverCommandExecutor.java:196)
	at org.openqa.selenium.remote.service.DriverCommandExecutor.execute(DriverCommandExecutor.java:171)
	at org.openqa.selenium.remote.RemoteWebDriver.execute(RemoteWebDriver.java:518)
	at org.openqa.selenium.remote.RemoteWebElement.execute(RemoteWebElement.java:224)
	at org.openqa.selenium.remote.RemoteWebElement.click(RemoteWebElement.java:77)
	at java.base/jdk.internal.reflect.NativeMethodAccessorImpl.invoke0(Native Method)
	at java.base/jdk.internal.reflect.NativeMethodAccessorImpl.invoke(NativeMethodAccessorImpl.java:77)
	at java.base/jdk.internal.reflect.DelegatingMethodAccessorImpl.invoke(DelegatingMethodAccessorImpl.java:43)
	at java.base/java.lang.reflect.Method.invoke(Method.java:568)
	at org.openqa.selenium.support.pagefactory.internal.LocatingElementHandler.invoke(LocatingElementHandler.java:51)
	at jdk.proxy2/jdk.proxy2.$Proxy26.click(Unknown Source)
	at rbc.cucumber.PageObjects.MortgagePaymentCalculatorPage.clickBtn(MortgagePaymentCalculatorPage.java:75)
	at rbc.cucumber.StepDefinitions.MortgagePaymentCalcPageSteps.click_the_calculate_button(MortgagePaymentCalcPageSteps.java:39)
	at ?.Click the calculate button(file:///C:/Users/aarav/Downloads/RBCCucumberBDD/RBCCucumberBDD/src/test/java/rbc/cucumber/Features/MortgagePaymentCalculator.feature:9)
</pre></div></td>
<td>17</td>
<td>rbc.cucumber.TestRunner.TestNGTestRunner@3c3d9b6b</td></tr>
</table><p>
<table width='100%' border='1' class='invocation-passed'>
<tr><td colspan='4' align='center'><b>PASSED TESTS</b></td></tr>
<tr><td><b>Test method</b></td>
<td width="30%"><b>Exception</b></td>
<td width="10%"><b>Time (seconds)</b></td>
<td><b>Instance</b></td>
</tr>
<tr>
<td title='rbc.cucumber.TestRunner.TestNGTestRunner.runScenario()'><b>runScenario</b><br>Test class: rbc.cucumber.TestRunner.TestNGTestRunner<br>Test method: Runs Cucumber Scenarios<br>Parameters: "Checking the title for home page", "Checking the Home PAge Functionality"</td>
<td></td>
<td>14</td>
<td>rbc.cucumber.TestRunner.TestNGTestRunner@3c3d9b6b</td></tr>
<tr>
<td title='rbc.cucumber.TestRunner.TestNGTestRunner.runScenario()'><b>runScenario</b><br>Test class: rbc.cucumber.TestRunner.TestNGTestRunner<br>Test method: Runs Cucumber Scenarios<br>Parameters: "Checking the Search box", "Checking the Home PAge Functionality"</td>
<td></td>
<td>10</td>
<td>rbc.cucumber.TestRunner.TestNGTestRunner@3c3d9b6b</td></tr>
<tr>
<td title='rbc.cucumber.TestRunner.TestNGTestRunner.runScenario()'><b>runScenario</b><br>Test class: rbc.cucumber.TestRunner.TestNGTestRunner<br>Test method: Runs Cucumber Scenarios<br>Parameters: "Checking Advanced Mortgage Payment Calculator", "Checking Mortgage Payment Calculator"</td>
<td></td>
<td>27</td>
<td>rbc.cucumber.TestRunner.TestNGTestRunner@3c3d9b6b</td></tr>
<tr>
<td title='rbc.cucumber.TestRunner.TestNGTestRunner.runScenario()'><b>runScenario</b><br>Test class: rbc.cucumber.TestRunner.TestNGTestRunner<br>Test method: Runs Cucumber Scenarios<br>Parameters: "Checking Advanced Mortgage Payment Calculator", "Checking Mortgage Payment Calculator"</td>
<td></td>
<td>27</td>
<td>rbc.cucumber.TestRunner.TestNGTestRunner@3c3d9b6b</td></tr>
</table><p>
</body>
</html>